<?xml version="1.0" encoding="UTF-8"?>
<!-- Generated by org.testng.reporters.JUnitXMLReporter -->
<testsuite hostname="RCCHN0080" name="RC Test" tests="1" failures="1" timestamp="7 Mar 2018 15:27:01 GMT" time="99.713" errors="0">
  <testcase name="checkHome" time="98.589" classname="Test.Initiate">
    <failure type="org.openqa.selenium.ElementNotInteractableException" message="Element is not visible
Build info: version: &amp;apos;3.4.0&amp;apos;, revision: &amp;apos;unknown&amp;apos;, time: &amp;apos;unknown&amp;apos;
System info: host: &amp;apos;RCCHN0080&amp;apos;, ip: &amp;apos;10.22.175.180&amp;apos;, os.name: &amp;apos;Windows 10&amp;apos;, os.arch: &amp;apos;amd64&amp;apos;, os.version: &amp;apos;10.0&amp;apos;, java.version: &amp;apos;1.8.0_144&amp;apos;
Driver info: org.openqa.selenium.firefox.FirefoxDriver
Capabilities [{moz:profile=C:\Users\user\AppData\Local\Temp\rust_mozprofile.Lhsmoc5AM4e9, rotatable=false, timeouts={implicit=0.0, pageLoad=300000.0, script=30000.0}, pageLoadStrategy=normal, moz:headless=false, platform=ANY, specificationLevel=0.0, moz:accessibilityChecks=false, acceptInsecureCerts=true, browserVersion=56.0.2, platformVersion=10.0, moz:processID=40968.0, browserName=firefox, javascriptEnabled=true, platformName=windows_nt}]
Session ID: ca189255-56af-4c85-bb18-bb124139c390">
      <![CDATA[org.openqa.selenium.ElementNotInteractableException: Element is not visible
Build info: version: '3.4.0', revision: 'unknown', time: 'unknown'
System info: host: 'RCCHN0080', ip: '10.22.175.180', os.name: 'Windows 10', os.arch: 'amd64', os.version: '10.0', java.version: '1.8.0_144'
Driver info: org.openqa.selenium.firefox.FirefoxDriver
Capabilities [{moz:profile=C:\Users\user\AppData\Local\Temp\rust_mozprofile.Lhsmoc5AM4e9, rotatable=false, timeouts={implicit=0.0, pageLoad=300000.0, script=30000.0}, pageLoadStrategy=normal, moz:headless=false, platform=ANY, specificationLevel=0.0, moz:accessibilityChecks=false, acceptInsecureCerts=true, browserVersion=56.0.2, platformVersion=10.0, moz:processID=40968.0, browserName=firefox, javascriptEnabled=true, platformName=windows_nt}]
Session ID: ca189255-56af-4c85-bb18-bb124139c390
	at sun.reflect.NativeConstructorAccessorImpl.newInstance0(Native Method)
	at sun.reflect.NativeConstructorAccessorImpl.newInstance(NativeConstructorAccessorImpl.java:62)
	at sun.reflect.DelegatingConstructorAccessorImpl.newInstance(DelegatingConstructorAccessorImpl.java:45)
	at java.lang.reflect.Constructor.newInstance(Constructor.java:423)
	at org.openqa.selenium.remote.http.W3CHttpResponseCodec.createException(W3CHttpResponseCodec.java:150)
	at org.openqa.selenium.remote.http.W3CHttpResponseCodec.decode(W3CHttpResponseCodec.java:115)
	at org.openqa.selenium.remote.http.W3CHttpResponseCodec.decode(W3CHttpResponseCodec.java:45)
	at org.openqa.selenium.remote.HttpCommandExecutor.execute(HttpCommandExecutor.java:164)
	at org.openqa.selenium.remote.service.DriverCommandExecutor.execute(DriverCommandExecutor.java:82)
	at org.openqa.selenium.remote.RemoteWebDriver.execute(RemoteWebDriver.java:637)
	at org.openqa.selenium.remote.RemoteWebElement.execute(RemoteWebElement.java:272)
	at org.openqa.selenium.remote.RemoteWebElement.sendKeys(RemoteWebElement.java:96)
	at Test.Browser.sendKeys(Browser.java:744)
	at Test.savedPaymentMehods.AddsavedCards(savedPaymentMehods.java:278)
	at Test.savedPaymentMehods.executeAll(savedPaymentMehods.java:67)
	at Test.Initiate.chksavedPaymentMehods(Initiate.java:210)
	at Test.Initiate.checkHome(Initiate.java:83)
	at sun.reflect.NativeMethodAccessorImpl.invoke0(Native Method)
	at sun.reflect.NativeMethodAccessorImpl.invoke(NativeMethodAccessorImpl.java:62)
	at sun.reflect.DelegatingMethodAccessorImpl.invoke(DelegatingMethodAccessorImpl.java:43)
	at java.lang.reflect.Method.invoke(Method.java:498)
	at org.testng.internal.MethodInvocationHelper.invokeMethod(MethodInvocationHelper.java:84)
	at org.testng.internal.Invoker.invokeMethod(Invoker.java:714)
	at org.testng.internal.Invoker.invokeTestMethod(Invoker.java:901)
	at org.testng.internal.Invoker.invokeTestMethods(Invoker.java:1231)
	at org.testng.internal.TestMethodWorker.invokeTestMethods(TestMethodWorker.java:127)
	at org.testng.internal.TestMethodWorker.run(TestMethodWorker.java:111)
	at java.util.concurrent.ThreadPoolExecutor.runWorker(ThreadPoolExecutor.java:1149)
	at java.util.concurrent.ThreadPoolExecutor$Worker.run(ThreadPoolExecutor.java:624)
	at java.lang.Thread.run(Thread.java:748)
]]>
    </failure>
  </testcase> <!-- checkHome -->
</testsuite> <!-- RC Test -->
