<?xml version="1.0" encoding="UTF-8"?>
<testng-results skipped="0" failed="0" total="1" passed="1">
  <reporter-output>
  </reporter-output>
  <suite name="RC Suite" duration-ms="391597" started-at="2018-02-28T15:08:15Z" finished-at="2018-02-28T15:14:47Z">
    <groups>
    </groups>
    <test name="RC Test" duration-ms="391597" started-at="2018-02-28T15:08:15Z" finished-at="2018-02-28T15:14:47Z">
      <class name="Test.Initiate">
        <test-method status="PASS" signature="Ini()[pri:0, instance:Test.Initiate@490ab905]" name="Ini" is-config="true" duration-ms="562" started-at="2018-02-28T20:38:15Z" finished-at="2018-02-28T20:38:16Z">
          <reporter-output>
          </reporter-output>
        </test-method> <!-- Ini -->
        <test-method status="PASS" signature="checkHome(java.lang.String, java.lang.String, java.lang.String)[pri:0, instance:Test.Initiate@490ab905]" name="checkHome" duration-ms="390361" started-at="2018-02-28T20:38:16Z" finished-at="2018-02-28T20:44:46Z">
          <params>
            <param index="0">
              <value>
                <![CDATA[FF]]>
              </value>
            </param>
            <param index="1">
              <value>
                <![CDATA[https://prodlive.circuitcity.com/]]>
              </value>
            </param>
            <param index="2">
              <value>
                <![CDATA[CheckoutFlow]]>
              </value>
            </param>
          </params>
          <reporter-output>
          </reporter-output>
        </test-method> <!-- checkHome -->
        <test-method status="PASS" signature="publishReport()[pri:0, instance:Test.Initiate@490ab905]" name="publishReport" is-config="true" duration-ms="635" started-at="2018-02-28T20:44:46Z" finished-at="2018-02-28T20:44:47Z">
          <reporter-output>
          </reporter-output>
        </test-method> <!-- publishReport -->
      </class> <!-- Test.Initiate -->
    </test> <!-- RC Test -->
  </suite> <!-- RC Suite -->
</testng-results>
